<?xml version="1.0" encoding="UTF-8"?>
<coverage generated="1474453674">
  <project timestamp="1474453674">
    <package name="Trzczy\Helpers">
      <file name="C:\Users\master\Dropbox\PhpstormProjects\ObjectOrder\src/ElementBundleHelper.php">
        <class name="ElementBundleHelper" namespace="Trzczy\Helpers">
          <metrics complexity="11" methods="4" coveredmethods="3" conditionals="0" coveredconditionals="0" statements="25" coveredstatements="24" elements="29" coveredelements="27"/>
        </class>
        <line num="59" type="method" name="order" visibility="public" complexity="1" crap="1" count="9"/>
        <line num="61" type="stmt" count="9"/>
        <line num="62" type="stmt" count="9"/>
        <line num="63" type="stmt" count="9"/>
        <line num="65" type="stmt" count="9"/>
        <line num="66" type="method" name="anonymous function" complexity="1" crap="1" count="9"/>
        <line num="67" type="stmt" count="9"/>
        <line num="68" type="stmt" count="9"/>
        <line num="71" type="stmt" count="9"/>
        <line num="82" type="method" name="represent" visibility="private" complexity="6" crap="6" count="9"/>
        <line num="84" type="stmt" count="9"/>
        <line num="85" type="stmt" count="9"/>
        <line num="86" type="stmt" count="9"/>
        <line num="87" type="stmt" count="9"/>
        <line num="88" type="stmt" count="9"/>
        <line num="89" type="stmt" count="9"/>
        <line num="90" type="stmt" count="9"/>
        <line num="91" type="stmt" count="9"/>
        <line num="92" type="stmt" count="9"/>
        <line num="93" type="stmt" count="9"/>
        <line num="94" type="stmt" count="9"/>
        <line num="98" type="stmt" count="9"/>
        <line num="100" type="stmt" count="9"/>
        <line num="102" type="stmt" count="9"/>
        <line num="112" type="method" name="hash2stdClassObject" visibility="private" complexity="3" crap="3.07" count="9"/>
        <line num="114" type="stmt" count="9"/>
        <line num="115" type="stmt" count="9"/>
        <line num="116" type="stmt" count="9"/>
        <line num="117" type="stmt" count="9"/>
        <line num="120" type="stmt" count="0"/>
        <metrics loc="121" ncloc="54" classes="1" methods="4" coveredmethods="3" conditionals="0" coveredconditionals="0" statements="26" coveredstatements="25" elements="30" coveredelements="28"/>
      </file>
      <file name="C:\Users\master\Dropbox\PhpstormProjects\ObjectOrder\src/Rules.php">
        <class name="Rules" namespace="Trzczy\Helpers">
          <metrics complexity="2" methods="2" coveredmethods="2" conditionals="0" coveredconditionals="0" statements="3" coveredstatements="3" elements="5" coveredelements="5"/>
        </class>
        <line num="34" type="method" name="isLike" complexity="1" crap="1" count="9"/>
        <line num="36" type="stmt" count="9"/>
        <line num="37" type="method" name="anonymous function" complexity="1" crap="1" count="9"/>
        <line num="38" type="stmt" count="9"/>
        <line num="39" type="stmt" count="9"/>
        <line num="40" type="stmt" count="9"/>
        <line num="42" type="stmt" count="9"/>
        <metrics loc="43" ncloc="21" classes="1" methods="2" coveredmethods="2" conditionals="0" coveredconditionals="0" statements="5" coveredstatements="5" elements="7" coveredelements="7"/>
      </file>
      <file name="C:\Users\master\Dropbox\PhpstormProjects\ObjectOrder\src/StringRepresentationHelper.php">
        <class name="StringRepresentationHelper" namespace="Trzczy\Helpers">
          <metrics complexity="12" methods="4" coveredmethods="4" conditionals="0" coveredconditionals="0" statements="23" coveredstatements="23" elements="27" coveredelements="27"/>
        </class>
        <line num="47" type="method" name="orderStringRepresentation" visibility="private" complexity="5" crap="5" count="9"/>
        <line num="49" type="stmt" count="9"/>
        <line num="50" type="stmt" count="9"/>
        <line num="51" type="stmt" count="9"/>
        <line num="52" type="stmt" count="9"/>
        <line num="53" type="stmt" count="9"/>
        <line num="54" type="stmt" count="9"/>
        <line num="55" type="stmt" count="9"/>
        <line num="57" type="stmt" count="9"/>
        <line num="60" type="stmt" count="9"/>
        <line num="62" type="stmt" count="9"/>
        <line num="63" type="stmt" count="9"/>
        <line num="65" type="stmt" count="9"/>
        <line num="66" type="stmt" count="9"/>
        <line num="69" type="stmt" count="9"/>
        <line num="78" type="method" name="isSuccessor" visibility="private" complexity="2" crap="2" count="9"/>
        <line num="81" type="stmt" count="9"/>
        <line num="83" type="stmt" count="9"/>
        <line num="94" type="method" name="removeNestedFormer" visibility="private" complexity="4" crap="4" count="9"/>
        <line num="96" type="stmt" count="9"/>
        <line num="97" type="stmt" count="9"/>
        <line num="98" type="stmt" count="9"/>
        <line num="99" type="stmt" count="9"/>
        <line num="100" type="stmt" count="9"/>
        <line num="101" type="method" name="anonymous function" complexity="1" crap="1" count="9"/>
        <line num="102" type="stmt" count="9"/>
        <line num="103" type="stmt" count="9"/>
        <line num="105" type="stmt" count="9"/>
        <line num="106" type="stmt" count="9"/>
        <line num="108" type="stmt" count="7"/>
        <line num="111" type="stmt" count="9"/>
        <line num="113" type="stmt" count="9"/>
        <metrics loc="114" ncloc="60" classes="1" methods="4" coveredmethods="4" conditionals="0" coveredconditionals="0" statements="28" coveredstatements="28" elements="32" coveredelements="32"/>
      </file>
    </package>
    <file name="C:\Users\master\Dropbox\PhpstormProjects\ObjectOrder\src/Elements.php">
      <metrics loc="31" ncloc="9" classes="0" methods="0" coveredmethods="0" conditionals="0" coveredconditionals="0" statements="0" coveredstatements="0" elements="0" coveredelements="0"/>
    </file>
    <metrics files="4" loc="309" ncloc="144" classes="3" methods="10" coveredmethods="9" conditionals="0" coveredconditionals="0" statements="59" coveredstatements="58" elements="69" coveredelements="67"/>
  </project>
</coverage>
